Using pre-set license
Built from '2020.3/staging' branch; Version is '2020.3.4f1 (0abb6314276a) revision 703331'; Using compiler version '192528614'; Build Type 'Release'
OS: 'Windows 10 Home; OS build 19042.1052; Version 2009; 64bit' Language: 'ja' Physical Memory: 7959 MB
BatchMode: 1, IsHumanControllingUs: 0, StartBugReporterOnCrash: 0, Is64bit: 1, IsPro: 0

 COMMAND LINE ARGUMENTS:
C:\Program Files\Unity\Hub\Editor\2020.3.4f1\Editor\Unity.exe
-adb2
-batchMode
-noUpm
-name
AssetImportWorker0
-projectPath
C:/Users/hnlPublic/Desktop/Unity/Shirichon
-logFile
Logs/AssetImportWorker0.log
-srvPort
56415
Successfully changed project path to: C:/Users/hnlPublic/Desktop/Unity/Shirichon
C:/Users/hnlPublic/Desktop/Unity/Shirichon
Using Asset Import Pipeline V2.
Refreshing native plugins compatible for Editor in 63.30 ms, found 1 plugins.
Preloading 0 native plugins for Editor in 0.00 ms.
Initialize engine version: 2020.3.4f1 (0abb6314276a)
[Subsystems] Discovering subsystems at path C:/Program Files/Unity/Hub/Editor/2020.3.4f1/Editor/Data/Resources/UnitySubsystems
[Subsystems] Discovering subsystems at path C:/Users/hnlPublic/Desktop/Unity/Shirichon/Assets
GfxDevice: creating device client; threaded=0
Direct3D:
    Version:  Direct3D 11.0 [level 11.1]
    Renderer: Intel(R) HD Graphics 520 (ID=0x1916)
    Vendor:   
    VRAM:     3979 MB
    Driver:   26.20.100.7156
Initialize mono
Mono path[0] = 'C:/Program Files/Unity/Hub/Editor/2020.3.4f1/Editor/Data/Managed'
Mono path[1] = 'C:/Program Files/Unity/Hub/Editor/2020.3.4f1/Editor/Data/MonoBleedingEdge/lib/mono/unityjit'
Mono config path = 'C:/Program Files/Unity/Hub/Editor/2020.3.4f1/Editor/Data/MonoBleedingEdge/etc'
Using monoOptions --debugger-agent=transport=dt_socket,embedding=1,server=y,suspend=n,address=127.0.0.1:56456
Begin MonoManager ReloadAssembly
Registering precompiled unity dll's ...
Register platform support module: C:/Program Files/Unity/Hub/Editor/2020.3.4f1/Editor/Data/PlaybackEngines/WebGLSupport/UnityEditor.WebGL.Extensions.dll
Register platform support module: C:/Program Files/Unity/Hub/Editor/2020.3.4f1/Editor/Data/PlaybackEngines/WindowsStandaloneSupport/UnityEditor.WindowsStandalone.Extensions.dll
Registered in 0.006658 seconds.
Native extension for WindowsStandalone target not found
Native extension for WebGL target not found
Refreshing native plugins compatible for Editor in 97.37 ms, found 1 plugins.
Preloading 0 native plugins for Editor in 0.00 ms.
Mono: successfully reloaded assembly
- Completed reload, in  3.764 seconds
Platform modules already initialized, skipping
Registering precompiled user dll's ...
Registered in 0.003413 seconds.
Begin MonoManager ReloadAssembly
Native extension for WindowsStandalone target not found
Native extension for WebGL target not found
Refreshing native plugins compatible for Editor in 73.13 ms, found 1 plugins.
Preloading 0 native plugins for Editor in 0.00 ms.
Mono: successfully reloaded assembly
- Completed reload, in  1.981 seconds
Platform modules already initialized, skipping
========================================================================
Worker process is ready to serve import requests
Launched and connected shader compiler UnityShaderCompiler.exe after 0.15 seconds
Refreshing native plugins compatible for Editor in 0.70 ms, found 1 plugins.
Preloading 0 native plugins for Editor in 0.00 ms.
Unloading 1829 Unused Serialized files (Serialized files now loaded: 0)
System memory in use before: 88.2 MB.
System memory in use after: 88.1 MB.

Unloading 24 unused Assets to reduce memory usage. Loaded Objects now: 2272.
Total: 6.344500 ms (FindLiveObjects: 0.416300 ms CreateObjectMapping: 0.143300 ms MarkObjects: 5.471300 ms  DeleteObjects: 0.311100 ms)

========================================================================
Received Import Request.
  path: Assets/プレファブ/HipPrefab.prefab
  artifactKey: Guid(e5d73e8df94c60b4baa8b482521da0ec) Importer(815301076,1909f56bfc062723c751e8b465ee728b)
Start importing Assets/プレファブ/HipPrefab.prefab using Guid(e5d73e8df94c60b4baa8b482521da0ec) Importer(815301076,1909f56bfc062723c751e8b465ee728b)  -> (artifact id: 'a4ffe970d5fdacae3aa15ec6b363a1a2') in 0.361014 seconds
  Import took 0.366263 seconds .

========================================================================
Received Import Request.
  Time since last request: 0.000750 seconds.
  path: Assets/プレファブ/GoTitlePrefab.prefab
  artifactKey: Guid(ae4b9dbb81d9b964db481e4913f48a80) Importer(815301076,1909f56bfc062723c751e8b465ee728b)
Start importing Assets/プレファブ/GoTitlePrefab.prefab using Guid(ae4b9dbb81d9b964db481e4913f48a80) Importer(815301076,1909f56bfc062723c751e8b465ee728b)  -> (artifact id: '8744d276633e9371e847310900a37275') in 0.094023 seconds
  Import took 0.099521 seconds .

========================================================================
Received Prepare
Refreshing native plugins compatible for Editor in 8.35 ms, found 1 plugins.
Preloading 0 native plugins for Editor in 0.00 ms.
Unloading 10 Unused Serialized files (Serialized files now loaded: 0)
System memory in use before: 55.9 MB.
System memory in use after: 55.9 MB.

Unloading 10 unused Assets to reduce memory usage. Loaded Objects now: 2279.
Total: 4.548500 ms (FindLiveObjects: 0.985400 ms CreateObjectMapping: 0.486800 ms MarkObjects: 2.945700 ms  DeleteObjects: 0.128400 ms)

========================================================================
Received Import Request.
  Time since last request: 1.334078 seconds.
  path: Assets/プレファブ/arrowPrefab.prefab
  artifactKey: Guid(322161d473b351f4f94d22149dc03fd5) Importer(815301076,1909f56bfc062723c751e8b465ee728b)
Start importing Assets/プレファブ/arrowPrefab.prefab using Guid(322161d473b351f4f94d22149dc03fd5) Importer(815301076,1909f56bfc062723c751e8b465ee728b)  -> (artifact id: 'b7826c472cc57b611f145dd8c5febcae') in 0.051373 seconds
  Import took 0.056580 seconds .

========================================================================
Received Import Request.
  Time since last request: 2.135179 seconds.
  path: Assets/プレファブ/arrowPrefab.prefab
  artifactKey: Guid(322161d473b351f4f94d22149dc03fd5) Importer(815301076,1909f56bfc062723c751e8b465ee728b)
Start importing Assets/プレファブ/arrowPrefab.prefab using Guid(322161d473b351f4f94d22149dc03fd5) Importer(815301076,1909f56bfc062723c751e8b465ee728b)  -> (artifact id: '01fb6036e05efd0895f19f7f28331984') in 0.061952 seconds
  Import took 0.070110 seconds .

========================================================================
Received Import Request.
  Time since last request: 39.749887 seconds.
  path: Assets/プレファブ/TryAgainPrefab.prefab
  artifactKey: Guid(8b3e29e5559f10b489f2b84ee5b33202) Importer(815301076,1909f56bfc062723c751e8b465ee728b)
Start importing Assets/プレファブ/TryAgainPrefab.prefab using Guid(8b3e29e5559f10b489f2b84ee5b33202) Importer(815301076,1909f56bfc062723c751e8b465ee728b)  -> (artifact id: '9cd62e17a01b59f9173f59ab62e5f933') in 0.027428 seconds
  Import took 0.031805 seconds .

========================================================================
Received Prepare
Registering precompiled user dll's ...
Registered in 0.003187 seconds.
Begin MonoManager ReloadAssembly
Native extension for WindowsStandalone target not found
Native extension for WebGL target not found
Refreshing native plugins compatible for Editor in 0.63 ms, found 1 plugins.
Preloading 0 native plugins for Editor in 0.00 ms.
Mono: successfully reloaded assembly
- Completed reload, in  2.077 seconds
Platform modules already initialized, skipping
Switching build target platform(5) subTarget(0) extendedPlatform(0) -> platform(9) subTarget(16777218) extendedPlatform(0)
Refreshing native plugins compatible for Editor in 1.33 ms, found 1 plugins.
Preloading 0 native plugins for Editor in 0.00 ms.
Unloading 1827 Unused Serialized files (Serialized files now loaded: 0)
System memory in use before: 91.3 MB.
System memory in use after: 91.2 MB.

Unloading 12 unused Assets to reduce memory usage. Loaded Objects now: 2283.
Total: 9.879900 ms (FindLiveObjects: 1.194900 ms CreateObjectMapping: 0.999800 ms MarkObjects: 7.286600 ms  DeleteObjects: 0.396300 ms)

AssetImportParameters requested are different than current active one (requested -> active):
  custom:graphics/normal-map-encoding: 01000000000000000000000000000000 -> 02000000000000000000000000000000
========================================================================
Received Prepare
Registering precompiled user dll's ...
Registered in 0.004216 seconds.
Begin MonoManager ReloadAssembly
Native extension for WindowsStandalone target not found
Native extension for WebGL target not found
Refreshing native plugins compatible for Editor in 0.63 ms, found 1 plugins.
Preloading 0 native plugins for Editor in 0.00 ms.
Mono: successfully reloaded assembly
- Completed reload, in  2.424 seconds
Platform modules already initialized, skipping
Switching build target platform(5) subTarget(0) extendedPlatform(0) -> platform(9) subTarget(16777218) extendedPlatform(0)
Refreshing native plugins compatible for Editor in 0.59 ms, found 1 plugins.
Preloading 0 native plugins for Editor in 0.00 ms.
Unloading 1827 Unused Serialized files (Serialized files now loaded: 0)
System memory in use before: 91.3 MB.
System memory in use after: 91.3 MB.

Unloading 12 unused Assets to reduce memory usage. Loaded Objects now: 2287.
Total: 6.485400 ms (FindLiveObjects: 0.968200 ms CreateObjectMapping: 0.199600 ms MarkObjects: 5.104300 ms  DeleteObjects: 0.210600 ms)

AssetImportParameters requested are different than current active one (requested -> active):
  custom:graphics/normal-map-encoding: 01000000000000000000000000000000 -> 02000000000000000000000000000000
========================================================================
Received Import Request.
  Time since last request: 40.060183 seconds.
  path: Assets/プレファブ/UnchiPrefab.prefab
  artifactKey: Guid(081bcdcce43ee3146a724a7ab691c364) Importer(815301076,1909f56bfc062723c751e8b465ee728b)
Start importing Assets/プレファブ/UnchiPrefab.prefab using Guid(081bcdcce43ee3146a724a7ab691c364) Importer(815301076,1909f56bfc062723c751e8b465ee728b)  -> (artifact id: 'bc68de453acbdbfead5e1d3c424e0f2b') in 0.535218 seconds
  Import took 0.544602 seconds .

========================================================================
Received Import Request.
  Time since last request: 3.212930 seconds.
  path: Assets/プレファブ/YakiimoPrefab.prefab
  artifactKey: Guid(d58027e2badf5634b8e6dc68d956e9db) Importer(815301076,1909f56bfc062723c751e8b465ee728b)
Start importing Assets/プレファブ/YakiimoPrefab.prefab using Guid(d58027e2badf5634b8e6dc68d956e9db) Importer(815301076,1909f56bfc062723c751e8b465ee728b)  -> (artifact id: '4599b1e33fef6b22dd24c5a4454ffc20') in 0.060217 seconds
  Import took 0.071116 seconds .

========================================================================
Received Import Request.
  Time since last request: 2.574307 seconds.
  path: Assets/プレファブ/YakiimoPrefab.prefab
  artifactKey: Guid(d58027e2badf5634b8e6dc68d956e9db) Importer(815301076,1909f56bfc062723c751e8b465ee728b)
Start importing Assets/プレファブ/YakiimoPrefab.prefab using Guid(d58027e2badf5634b8e6dc68d956e9db) Importer(815301076,1909f56bfc062723c751e8b465ee728b)  -> (artifact id: '553df8574bdb2bf4282d4cb8eee0313b') in 0.047544 seconds
  Import took 0.051926 seconds .

========================================================================
Received Import Request.
  Time since last request: 22.678277 seconds.
  path: Assets/プレファブ/UnchiHundaPrefab.prefab
  artifactKey: Guid(cbcc239a2e1387444ad5a922826ae6ac) Importer(815301076,1909f56bfc062723c751e8b465ee728b)
Start importing Assets/プレファブ/UnchiHundaPrefab.prefab using Guid(cbcc239a2e1387444ad5a922826ae6ac) Importer(815301076,1909f56bfc062723c751e8b465ee728b)  -> (artifact id: 'edc616eae1361b4c28282fda88b7d4e8') in 0.042340 seconds
  Import took 0.049651 seconds .

========================================================================
Received Prepare
Registering precompiled user dll's ...
Registered in 0.003248 seconds.
Begin MonoManager ReloadAssembly
Native extension for WindowsStandalone target not found
Native extension for WebGL target not found
Refreshing native plugins compatible for Editor in 1.53 ms, found 1 plugins.
Preloading 0 native plugins for Editor in 0.00 ms.
Mono: successfully reloaded assembly
- Completed reload, in  4.541 seconds
Platform modules already initialized, skipping
Switching build target platform(5) subTarget(0) extendedPlatform(0) -> platform(9) subTarget(16777218) extendedPlatform(0)
Refreshing native plugins compatible for Editor in 1.00 ms, found 1 plugins.
Preloading 0 native plugins for Editor in 0.00 ms.
Unloading 1827 Unused Serialized files (Serialized files now loaded: 0)
System memory in use before: 91.4 MB.
System memory in use after: 91.3 MB.

Unloading 12 unused Assets to reduce memory usage. Loaded Objects now: 2292.
Total: 6.389400 ms (FindLiveObjects: 0.706800 ms CreateObjectMapping: 0.234800 ms MarkObjects: 5.021300 ms  DeleteObjects: 0.414900 ms)

AssetImportParameters requested are different than current active one (requested -> active):
  custom:graphics/normal-map-encoding: 01000000000000000000000000000000 -> 02000000000000000000000000000000
========================================================================
Received Import Request.
  Time since last request: 13.609778 seconds.
  path: Assets/プレファブ/UnchiHundaPrefab.prefab
  artifactKey: Guid(cbcc239a2e1387444ad5a922826ae6ac) Importer(815301076,1909f56bfc062723c751e8b465ee728b)
Start importing Assets/プレファブ/UnchiHundaPrefab.prefab using Guid(cbcc239a2e1387444ad5a922826ae6ac) Importer(815301076,1909f56bfc062723c751e8b465ee728b)  -> (artifact id: 'c50e4485d08acbe5786b50f9c3a1b80d') in 0.229061 seconds
  Import took 0.237018 seconds .

========================================================================
Received Import Request.
  Time since last request: 19.806278 seconds.
  path: Assets/プレファブ/OnaraPrefab.prefab
  artifactKey: Guid(5460fe2556d739d4189a6587e18f8d25) Importer(815301076,1909f56bfc062723c751e8b465ee728b)
Start importing Assets/プレファブ/OnaraPrefab.prefab using Guid(5460fe2556d739d4189a6587e18f8d25) Importer(815301076,1909f56bfc062723c751e8b465ee728b)  -> (artifact id: '505e87a797dad996f2a87d317b710ebe') in 0.044320 seconds
  Import took 0.049214 seconds .

========================================================================
Received Import Request.
  Time since last request: 0.002711 seconds.
  path: Assets/プレファブ/OnaraPrefab.prefab
  artifactKey: Guid(5460fe2556d739d4189a6587e18f8d25) Importer(815301076,1909f56bfc062723c751e8b465ee728b)
Start importing Assets/プレファブ/OnaraPrefab.prefab using Guid(5460fe2556d739d4189a6587e18f8d25) Importer(815301076,1909f56bfc062723c751e8b465ee728b)  -> (artifact id: '505e87a797dad996f2a87d317b710ebe') in 0.055620 seconds
  Import took 0.060476 seconds .

========================================================================
Received Import Request.
  Time since last request: 2.088839 seconds.
  path: Assets/プレファブ/OnaraPrefab.prefab
  artifactKey: Guid(5460fe2556d739d4189a6587e18f8d25) Importer(815301076,1909f56bfc062723c751e8b465ee728b)
Start importing Assets/プレファブ/OnaraPrefab.prefab using Guid(5460fe2556d739d4189a6587e18f8d25) Importer(815301076,1909f56bfc062723c751e8b465ee728b)  -> (artifact id: '0679e1ff725ae539c3a88e9dc271899b') in 0.048398 seconds
  Import took 0.054370 seconds .

========================================================================
Received Prepare
Registering precompiled user dll's ...
Registered in 0.004668 seconds.
Begin MonoManager ReloadAssembly
Native extension for WindowsStandalone target not found
Native extension for WebGL target not found
Refreshing native plugins compatible for Editor in 1.14 ms, found 1 plugins.
Preloading 0 native plugins for Editor in 0.00 ms.
Mono: successfully reloaded assembly
- Completed reload, in  3.860 seconds
Platform modules already initialized, skipping
Switching build target platform(5) subTarget(0) extendedPlatform(0) -> platform(9) subTarget(16777218) extendedPlatform(0)
Refreshing native plugins compatible for Editor in 0.44 ms, found 1 plugins.
Preloading 0 native plugins for Editor in 0.00 ms.
Unloading 1827 Unused Serialized files (Serialized files now loaded: 0)
System memory in use before: 91.4 MB.
System memory in use after: 91.4 MB.

Unloading 12 unused Assets to reduce memory usage. Loaded Objects now: 2297.
Total: 2.487200 ms (FindLiveObjects: 0.354900 ms CreateObjectMapping: 0.110800 ms MarkObjects: 1.870000 ms  DeleteObjects: 0.150000 ms)

AssetImportParameters requested are different than current active one (requested -> active):
  custom:graphics/normal-map-encoding: 01000000000000000000000000000000 -> 02000000000000000000000000000000
========================================================================
Received Import Request.
  Time since last request: 88.162516 seconds.
  path: Assets/C#スクリプト/UnchiUIPosition.cs
  artifactKey: Guid(e6640ecd21516714286f85f5a5b23e90) Importer(815301076,1909f56bfc062723c751e8b465ee728b)
Start importing Assets/C#スクリプト/UnchiUIPosition.cs using Guid(e6640ecd21516714286f85f5a5b23e90) Importer(815301076,1909f56bfc062723c751e8b465ee728b)  -> (artifact id: '138943d699d69109f859b3408542a764') in 0.030363 seconds
  Import took 0.035393 seconds .

========================================================================
Received Import Request.
  Time since last request: 0.035746 seconds.
  path: Assets/C#スクリプト/UnchiUIPosition.cs
  artifactKey: Guid(e6640ecd21516714286f85f5a5b23e90) Importer(815301076,1909f56bfc062723c751e8b465ee728b)
Start importing Assets/C#スクリプト/UnchiUIPosition.cs using Guid(e6640ecd21516714286f85f5a5b23e90) Importer(815301076,1909f56bfc062723c751e8b465ee728b)  -> (artifact id: '138943d699d69109f859b3408542a764') in 0.019861 seconds
  Import took 0.024750 seconds .

========================================================================
Received Prepare
Registering precompiled user dll's ...
Registered in 0.003458 seconds.
Begin MonoManager ReloadAssembly
Native extension for WindowsStandalone target not found
Native extension for WebGL target not found
Refreshing native plugins compatible for Editor in 0.37 ms, found 1 plugins.
Preloading 0 native plugins for Editor in 0.00 ms.
Mono: successfully reloaded assembly
- Completed reload, in  1.572 seconds
Platform modules already initialized, skipping
Switching build target platform(5) subTarget(0) extendedPlatform(0) -> platform(9) subTarget(16777218) extendedPlatform(0)
Refreshing native plugins compatible for Editor in 0.38 ms, found 1 plugins.
Preloading 0 native plugins for Editor in 0.00 ms.
Unloading 1827 Unused Serialized files (Serialized files now loaded: 0)
System memory in use before: 91.4 MB.
System memory in use after: 91.4 MB.

Unloading 12 unused Assets to reduce memory usage. Loaded Objects now: 2301.
Total: 3.849800 ms (FindLiveObjects: 0.291800 ms CreateObjectMapping: 0.102600 ms MarkObjects: 3.319500 ms  DeleteObjects: 0.133900 ms)

AssetImportParameters requested are different than current active one (requested -> active):
  custom:graphics/normal-map-encoding: 01000000000000000000000000000000 -> 02000000000000000000000000000000
========================================================================
Received Import Request.
  Time since last request: 64.870933 seconds.
  path: Assets/C#スクリプト/ArrowGenerator.cs
  artifactKey: Guid(2f2763b730736b74a93fd159d8539f8f) Importer(815301076,1909f56bfc062723c751e8b465ee728b)
Start importing Assets/C#スクリプト/ArrowGenerator.cs using Guid(2f2763b730736b74a93fd159d8539f8f) Importer(815301076,1909f56bfc062723c751e8b465ee728b)  -> (artifact id: 'df8007130c9f303f6851fe7296e51a7b') in 0.021270 seconds
  Import took 0.025439 seconds .

========================================================================
Received Prepare
Registering precompiled user dll's ...
Registered in 0.006589 seconds.
Begin MonoManager ReloadAssembly
Native extension for WindowsStandalone target not found
Native extension for WebGL target not found
Refreshing native plugins compatible for Editor in 0.37 ms, found 1 plugins.
Preloading 0 native plugins for Editor in 0.00 ms.
Mono: successfully reloaded assembly
- Completed reload, in  1.647 seconds
Platform modules already initialized, skipping
Switching build target platform(5) subTarget(0) extendedPlatform(0) -> platform(9) subTarget(16777218) extendedPlatform(0)
Refreshing native plugins compatible for Editor in 0.37 ms, found 1 plugins.
Preloading 0 native plugins for Editor in 0.00 ms.
Unloading 1827 Unused Serialized files (Serialized files now loaded: 0)
System memory in use before: 91.4 MB.
System memory in use after: 91.4 MB.

Unloading 12 unused Assets to reduce memory usage. Loaded Objects now: 2305.
Total: 2.717000 ms (FindLiveObjects: 0.177200 ms CreateObjectMapping: 0.061500 ms MarkObjects: 2.322500 ms  DeleteObjects: 0.154200 ms)

AssetImportParameters requested are different than current active one (requested -> active):
  custom:graphics/normal-map-encoding: 01000000000000000000000000000000 -> 02000000000000000000000000000000
========================================================================
Received Import Request.
  Time since last request: 35.040476 seconds.
  path: Assets/C#スクリプト/HipController.cs
  artifactKey: Guid(7c0cc99202f591f4eb9e712a1fdf9c52) Importer(815301076,1909f56bfc062723c751e8b465ee728b)
Start importing Assets/C#スクリプト/HipController.cs using Guid(7c0cc99202f591f4eb9e712a1fdf9c52) Importer(815301076,1909f56bfc062723c751e8b465ee728b)  -> (artifact id: 'ab6cc9663aee2e4a9dbe274c6fda6093') in 0.022670 seconds
  Import took 0.027947 seconds .

========================================================================
Received Import Request.
  Time since last request: 0.042985 seconds.
  path: Assets/C#スクリプト/HipController.cs
  artifactKey: Guid(7c0cc99202f591f4eb9e712a1fdf9c52) Importer(815301076,1909f56bfc062723c751e8b465ee728b)
Start importing Assets/C#スクリプト/HipController.cs using Guid(7c0cc99202f591f4eb9e712a1fdf9c52) Importer(815301076,1909f56bfc062723c751e8b465ee728b)  -> (artifact id: 'ab6cc9663aee2e4a9dbe274c6fda6093') in 0.019492 seconds
  Import took 0.023731 seconds .

========================================================================
Received Prepare
Registering precompiled user dll's ...
Registered in 0.004548 seconds.
Begin MonoManager ReloadAssembly
Native extension for WindowsStandalone target not found
Native extension for WebGL target not found
Refreshing native plugins compatible for Editor in 0.46 ms, found 1 plugins.
Preloading 0 native plugins for Editor in 0.00 ms.
Mono: successfully reloaded assembly
- Completed reload, in  1.693 seconds
Platform modules already initialized, skipping
Switching build target platform(5) subTarget(0) extendedPlatform(0) -> platform(9) subTarget(16777218) extendedPlatform(0)
Refreshing native plugins compatible for Editor in 0.37 ms, found 1 plugins.
Preloading 0 native plugins for Editor in 0.00 ms.
Unloading 1827 Unused Serialized files (Serialized files now loaded: 0)
System memory in use before: 91.4 MB.
System memory in use after: 91.4 MB.

Unloading 12 unused Assets to reduce memory usage. Loaded Objects now: 2309.
Total: 2.523600 ms (FindLiveObjects: 0.371800 ms CreateObjectMapping: 0.111500 ms MarkObjects: 1.881800 ms  DeleteObjects: 0.156500 ms)

AssetImportParameters requested are different than current active one (requested -> active):
  custom:graphics/normal-map-encoding: 01000000000000000000000000000000 -> 02000000000000000000000000000000
========================================================================
Received Import Request.
  Time since last request: 61.319502 seconds.
  path: Assets/C#スクリプト/HipController.cs
  artifactKey: Guid(7c0cc99202f591f4eb9e712a1fdf9c52) Importer(815301076,1909f56bfc062723c751e8b465ee728b)
Start importing Assets/C#スクリプト/HipController.cs using Guid(7c0cc99202f591f4eb9e712a1fdf9c52) Importer(815301076,1909f56bfc062723c751e8b465ee728b)  -> (artifact id: '4f98ca8dc8b69414feae705e72c70855') in 0.020129 seconds
  Import took 0.025058 seconds .

========================================================================
Received Import Request.
  Time since last request: 0.046122 seconds.
  path: Assets/C#スクリプト/HipController.cs
  artifactKey: Guid(7c0cc99202f591f4eb9e712a1fdf9c52) Importer(815301076,1909f56bfc062723c751e8b465ee728b)
Start importing Assets/C#スクリプト/HipController.cs using Guid(7c0cc99202f591f4eb9e712a1fdf9c52) Importer(815301076,1909f56bfc062723c751e8b465ee728b)  -> (artifact id: '4f98ca8dc8b69414feae705e72c70855') in 0.020997 seconds
  Import took 0.026822 seconds .

========================================================================
Received Prepare
Registering precompiled user dll's ...
Registered in 0.003916 seconds.
Begin MonoManager ReloadAssembly
Native extension for WindowsStandalone target not found
Native extension for WebGL target not found
Refreshing native plugins compatible for Editor in 0.43 ms, found 1 plugins.
Preloading 0 native plugins for Editor in 0.00 ms.
Mono: successfully reloaded assembly
- Completed reload, in  1.947 seconds
Platform modules already initialized, skipping
Switching build target platform(5) subTarget(0) extendedPlatform(0) -> platform(9) subTarget(16777218) extendedPlatform(0)
Refreshing native plugins compatible for Editor in 0.37 ms, found 1 plugins.
Preloading 0 native plugins for Editor in 0.00 ms.
Unloading 1827 Unused Serialized files (Serialized files now loaded: 0)
System memory in use before: 91.5 MB.
System memory in use after: 91.4 MB.

Unloading 12 unused Assets to reduce memory usage. Loaded Objects now: 2313.
Total: 2.806000 ms (FindLiveObjects: 0.485900 ms CreateObjectMapping: 0.162100 ms MarkObjects: 2.030600 ms  DeleteObjects: 0.125900 ms)

AssetImportParameters requested are different than current active one (requested -> active):
  custom:graphics/normal-map-encoding: 01000000000000000000000000000000 -> 02000000000000000000000000000000
========================================================================
Received Prepare
Registering precompiled user dll's ...
Registered in 0.002481 seconds.
Begin MonoManager ReloadAssembly
Native extension for WindowsStandalone target not found
Native extension for WebGL target not found
Refreshing native plugins compatible for Editor in 0.39 ms, found 1 plugins.
Preloading 0 native plugins for Editor in 0.00 ms.
Mono: successfully reloaded assembly
- Completed reload, in  1.367 seconds
Platform modules already initialized, skipping
Switching build target platform(5) subTarget(0) extendedPlatform(0) -> platform(9) subTarget(16777218) extendedPlatform(0)
Refreshing native plugins compatible for Editor in 0.40 ms, found 1 plugins.
Preloading 0 native plugins for Editor in 0.00 ms.
Unloading 1827 Unused Serialized files (Serialized files now loaded: 0)
System memory in use before: 91.5 MB.
System memory in use after: 91.4 MB.

Unloading 12 unused Assets to reduce memory usage. Loaded Objects now: 2317.
Total: 6.669200 ms (FindLiveObjects: 0.357800 ms CreateObjectMapping: 0.124200 ms MarkObjects: 3.041800 ms  DeleteObjects: 3.143100 ms)

AssetImportParameters requested are different than current active one (requested -> active):
  custom:graphics/normal-map-encoding: 01000000000000000000000000000000 -> 02000000000000000000000000000000
========================================================================
Received Import Request.
  Time since last request: 97.624689 seconds.
  path: Assets/C#スクリプト/YakiimoGenerator.cs
  artifactKey: Guid(c5f23d49d61021048945a574461b3e7d) Importer(815301076,1909f56bfc062723c751e8b465ee728b)
Start importing Assets/C#スクリプト/YakiimoGenerator.cs using Guid(c5f23d49d61021048945a574461b3e7d) Importer(815301076,1909f56bfc062723c751e8b465ee728b)  -> (artifact id: '8fdcc84583ceddb18938e7b81dd89d49') in 0.014781 seconds
  Import took 0.018476 seconds .

========================================================================
Received Prepare
Registering precompiled user dll's ...
Registered in 0.002186 seconds.
Begin MonoManager ReloadAssembly
Native extension for WindowsStandalone target not found
Native extension for WebGL target not found
Refreshing native plugins compatible for Editor in 0.38 ms, found 1 plugins.
Preloading 0 native plugins for Editor in 0.00 ms.
Mono: successfully reloaded assembly
- Completed reload, in  1.400 seconds
Platform modules already initialized, skipping
Switching build target platform(5) subTarget(0) extendedPlatform(0) -> platform(9) subTarget(16777218) extendedPlatform(0)
Refreshing native plugins compatible for Editor in 0.39 ms, found 1 plugins.
Preloading 0 native plugins for Editor in 0.00 ms.
Unloading 1827 Unused Serialized files (Serialized files now loaded: 0)
System memory in use before: 91.5 MB.
System memory in use after: 91.5 MB.

Unloading 12 unused Assets to reduce memory usage. Loaded Objects now: 2321.
Total: 2.997000 ms (FindLiveObjects: 0.266300 ms CreateObjectMapping: 0.085100 ms MarkObjects: 2.505700 ms  DeleteObjects: 0.137500 ms)

AssetImportParameters requested are different than current active one (requested -> active):
  custom:graphics/normal-map-encoding: 01000000000000000000000000000000 -> 02000000000000000000000000000000
========================================================================
Received Import Request.
  Time since last request: 32.546019 seconds.
  path: Assets/C#スクリプト/UnchiGenerator.cs
  artifactKey: Guid(e173c4e003112884da528e15109b0053) Importer(815301076,1909f56bfc062723c751e8b465ee728b)
Start importing Assets/C#スクリプト/UnchiGenerator.cs using Guid(e173c4e003112884da528e15109b0053) Importer(815301076,1909f56bfc062723c751e8b465ee728b)  -> (artifact id: 'f64a4983332a102137607a9e905a78ac') in 0.019247 seconds
  Import took 0.027431 seconds .

========================================================================
Received Import Request.
  Time since last request: 0.063835 seconds.
  path: Assets/C#スクリプト/UnchiGenerator.cs
  artifactKey: Guid(e173c4e003112884da528e15109b0053) Importer(815301076,1909f56bfc062723c751e8b465ee728b)
Start importing Assets/C#スクリプト/UnchiGenerator.cs using Guid(e173c4e003112884da528e15109b0053) Importer(815301076,1909f56bfc062723c751e8b465ee728b)  -> (artifact id: 'f64a4983332a102137607a9e905a78ac') in 0.022542 seconds
  Import took 0.028742 seconds .

========================================================================
Received Prepare
Registering precompiled user dll's ...
Registered in 0.002455 seconds.
Begin MonoManager ReloadAssembly
Native extension for WindowsStandalone target not found
Native extension for WebGL target not found
Refreshing native plugins compatible for Editor in 0.40 ms, found 1 plugins.
Preloading 0 native plugins for Editor in 0.00 ms.
Mono: successfully reloaded assembly
- Completed reload, in  1.902 seconds
Platform modules already initialized, skipping
Switching build target platform(5) subTarget(0) extendedPlatform(0) -> platform(9) subTarget(16777218) extendedPlatform(0)
Refreshing native plugins compatible for Editor in 0.59 ms, found 1 plugins.
Preloading 0 native plugins for Editor in 0.00 ms.
Unloading 1827 Unused Serialized files (Serialized files now loaded: 0)
System memory in use before: 91.5 MB.
System memory in use after: 91.5 MB.

Unloading 12 unused Assets to reduce memory usage. Loaded Objects now: 2325.
Total: 4.151600 ms (FindLiveObjects: 0.304900 ms CreateObjectMapping: 0.230600 ms MarkObjects: 3.310000 ms  DeleteObjects: 0.304200 ms)

AssetImportParameters requested are different than current active one (requested -> active):
  custom:graphics/normal-map-encoding: 01000000000000000000000000000000 -> 02000000000000000000000000000000
========================================================================
Received Prepare
Registering precompiled user dll's ...
Registered in 0.002395 seconds.
Begin MonoManager ReloadAssembly
Native extension for WindowsStandalone target not found
Native extension for WebGL target not found
Refreshing native plugins compatible for Editor in 0.39 ms, found 1 plugins.
Preloading 0 native plugins for Editor in 0.00 ms.
Mono: successfully reloaded assembly
- Completed reload, in  1.822 seconds
Platform modules already initialized, skipping
Switching build target platform(5) subTarget(0) extendedPlatform(0) -> platform(9) subTarget(16777218) extendedPlatform(0)
Refreshing native plugins compatible for Editor in 8.03 ms, found 1 plugins.
Preloading 0 native plugins for Editor in 0.00 ms.
Unloading 1827 Unused Serialized files (Serialized files now loaded: 0)
System memory in use before: 91.5 MB.
System memory in use after: 91.5 MB.

Unloading 12 unused Assets to reduce memory usage. Loaded Objects now: 2329.
Total: 8.715900 ms (FindLiveObjects: 2.759700 ms CreateObjectMapping: 0.729300 ms MarkObjects: 5.012400 ms  DeleteObjects: 0.209700 ms)

AssetImportParameters requested are different than current active one (requested -> active):
  custom:graphics/normal-map-encoding: 01000000000000000000000000000000 -> 02000000000000000000000000000000
========================================================================
Received Prepare
Registering precompiled user dll's ...
Registered in 0.002916 seconds.
Begin MonoManager ReloadAssembly
Native extension for WindowsStandalone target not found
Native extension for WebGL target not found
Refreshing native plugins compatible for Editor in 0.37 ms, found 1 plugins.
Preloading 0 native plugins for Editor in 0.00 ms.
Mono: successfully reloaded assembly
- Completed reload, in  1.618 seconds
Platform modules already initialized, skipping
Switching build target platform(5) subTarget(0) extendedPlatform(0) -> platform(9) subTarget(16777218) extendedPlatform(0)
Refreshing native plugins compatible for Editor in 0.43 ms, found 1 plugins.
Preloading 0 native plugins for Editor in 0.00 ms.
Unloading 1827 Unused Serialized files (Serialized files now loaded: 0)
System memory in use before: 91.5 MB.
System memory in use after: 91.5 MB.

Unloading 12 unused Assets to reduce memory usage. Loaded Objects now: 2333.
Total: 3.152400 ms (FindLiveObjects: 0.304800 ms CreateObjectMapping: 0.093500 ms MarkObjects: 2.619000 ms  DeleteObjects: 0.133100 ms)

AssetImportParameters requested are different than current active one (requested -> active):
  custom:graphics/normal-map-encoding: 01000000000000000000000000000000 -> 02000000000000000000000000000000
========================================================================
Received Import Request.
  Time since last request: 452.902714 seconds.
  path: Assets/C#スクリプト/ArrowGenerator.cs
  artifactKey: Guid(2f2763b730736b74a93fd159d8539f8f) Importer(815301076,1909f56bfc062723c751e8b465ee728b)
Start importing Assets/C#スクリプト/ArrowGenerator.cs using Guid(2f2763b730736b74a93fd159d8539f8f) Importer(815301076,1909f56bfc062723c751e8b465ee728b)  -> (artifact id: 'e5e0d3fd16424eca47dae087a9a5c6b9') in 0.015496 seconds
  Import took 0.019733 seconds .

========================================================================
Received Import Request.
  Time since last request: 0.035017 seconds.
  path: Assets/C#スクリプト/ArrowGenerator.cs
  artifactKey: Guid(2f2763b730736b74a93fd159d8539f8f) Importer(815301076,1909f56bfc062723c751e8b465ee728b)
Start importing Assets/C#スクリプト/ArrowGenerator.cs using Guid(2f2763b730736b74a93fd159d8539f8f) Importer(815301076,1909f56bfc062723c751e8b465ee728b)  -> (artifact id: 'e5e0d3fd16424eca47dae087a9a5c6b9') in 0.021073 seconds
  Import took 0.025859 seconds .

========================================================================
Received Prepare
Registering precompiled user dll's ...
Registered in 0.002805 seconds.
Begin MonoManager ReloadAssembly
Native extension for WindowsStandalone target not found
Native extension for WebGL target not found
Refreshing native plugins compatible for Editor in 0.38 ms, found 1 plugins.
Preloading 0 native plugins for Editor in 0.00 ms.
Mono: successfully reloaded assembly
- Completed reload, in  1.595 seconds
Platform modules already initialized, skipping
Switching build target platform(5) subTarget(0) extendedPlatform(0) -> platform(9) subTarget(16777218) extendedPlatform(0)
Refreshing native plugins compatible for Editor in 0.40 ms, found 1 plugins.
Preloading 0 native plugins for Editor in 0.00 ms.
Unloading 1827 Unused Serialized files (Serialized files now loaded: 0)
System memory in use before: 91.5 MB.
System memory in use after: 91.5 MB.

Unloading 12 unused Assets to reduce memory usage. Loaded Objects now: 2337.
Total: 2.927100 ms (FindLiveObjects: 0.268000 ms CreateObjectMapping: 0.108900 ms MarkObjects: 2.403800 ms  DeleteObjects: 0.144800 ms)

AssetImportParameters requested are different than current active one (requested -> active):
  custom:graphics/normal-map-encoding: 01000000000000000000000000000000 -> 02000000000000000000000000000000
========================================================================
Received Import Request.
  Time since last request: 143.027100 seconds.
  path: Assets/C#スクリプト/ArrowGenerator.cs
  artifactKey: Guid(2f2763b730736b74a93fd159d8539f8f) Importer(815301076,1909f56bfc062723c751e8b465ee728b)
Start importing Assets/C#スクリプト/ArrowGenerator.cs using Guid(2f2763b730736b74a93fd159d8539f8f) Importer(815301076,1909f56bfc062723c751e8b465ee728b)  -> (artifact id: 'b03a782aa1a6ca34eaecbd42f9f60df4') in 0.015620 seconds
  Import took 0.020104 seconds .

========================================================================
Received Import Request.
  Time since last request: 2.725749 seconds.
  path: Assets/Scenes/GameScene.unity
  artifactKey: Guid(8cc50157483dda741a5cc9f89c697a57) Importer(815301076,1909f56bfc062723c751e8b465ee728b)
Start importing Assets/Scenes/GameScene.unity using Guid(8cc50157483dda741a5cc9f89c697a57) Importer(815301076,1909f56bfc062723c751e8b465ee728b)  -> (artifact id: 'f5529b77853a40dec2aae8bf249be704') in 0.034944 seconds
  Import took 0.038864 seconds .

========================================================================
Received Prepare
Registering precompiled user dll's ...
Registered in 0.002346 seconds.
Begin MonoManager ReloadAssembly
Native extension for WindowsStandalone target not found
Native extension for WebGL target not found
Refreshing native plugins compatible for Editor in 0.40 ms, found 1 plugins.
Preloading 0 native plugins for Editor in 0.00 ms.
Mono: successfully reloaded assembly
- Completed reload, in  1.505 seconds
Platform modules already initialized, skipping
Switching build target platform(5) subTarget(0) extendedPlatform(0) -> platform(9) subTarget(16777218) extendedPlatform(0)
Refreshing native plugins compatible for Editor in 0.37 ms, found 1 plugins.
Preloading 0 native plugins for Editor in 0.00 ms.
Unloading 1827 Unused Serialized files (Serialized files now loaded: 0)
System memory in use before: 91.5 MB.
System memory in use after: 91.5 MB.

Unloading 12 unused Assets to reduce memory usage. Loaded Objects now: 2341.
Total: 2.841900 ms (FindLiveObjects: 0.448600 ms CreateObjectMapping: 0.130300 ms MarkObjects: 2.095000 ms  DeleteObjects: 0.166200 ms)

AssetImportParameters requested are different than current active one (requested -> active):
  custom:graphics/normal-map-encoding: 01000000000000000000000000000000 -> 02000000000000000000000000000000
========================================================================
Received Prepare
Registering precompiled user dll's ...
Registered in 0.003534 seconds.
Begin MonoManager ReloadAssembly
Native extension for WindowsStandalone target not found
Native extension for WebGL target not found
Refreshing native plugins compatible for Editor in 0.37 ms, found 1 plugins.
Preloading 0 native plugins for Editor in 0.00 ms.
Mono: successfully reloaded assembly
- Completed reload, in  1.549 seconds
Platform modules already initialized, skipping
Switching build target platform(5) subTarget(0) extendedPlatform(0) -> platform(9) subTarget(16777218) extendedPlatform(0)
Refreshing native plugins compatible for Editor in 0.37 ms, found 1 plugins.
Preloading 0 native plugins for Editor in 0.00 ms.
Unloading 1827 Unused Serialized files (Serialized files now loaded: 0)
System memory in use before: 91.5 MB.
System memory in use after: 91.5 MB.

Unloading 12 unused Assets to reduce memory usage. Loaded Objects now: 2345.
Total: 2.574500 ms (FindLiveObjects: 0.230100 ms CreateObjectMapping: 0.097000 ms MarkObjects: 2.087000 ms  DeleteObjects: 0.159000 ms)

AssetImportParameters requested are different than current active one (requested -> active):
  custom:graphics/normal-map-encoding: 01000000000000000000000000000000 -> 02000000000000000000000000000000
========================================================================
Received Prepare
Registering precompiled user dll's ...
Registered in 0.004000 seconds.
Begin MonoManager ReloadAssembly
Native extension for WindowsStandalone target not found
Native extension for WebGL target not found
Refreshing native plugins compatible for Editor in 0.43 ms, found 1 plugins.
Preloading 0 native plugins for Editor in 0.00 ms.
Mono: successfully reloaded assembly
- Completed reload, in  1.540 seconds
Platform modules already initialized, skipping
Switching build target platform(5) subTarget(0) extendedPlatform(0) -> platform(9) subTarget(16777218) extendedPlatform(0)
Refreshing native plugins compatible for Editor in 0.40 ms, found 1 plugins.
Preloading 0 native plugins for Editor in 0.00 ms.
Unloading 1827 Unused Serialized files (Serialized files now loaded: 0)
System memory in use before: 91.5 MB.
System memory in use after: 91.5 MB.

Unloading 12 unused Assets to reduce memory usage. Loaded Objects now: 2349.
Total: 2.440300 ms (FindLiveObjects: 0.280800 ms CreateObjectMapping: 0.124100 ms MarkObjects: 1.912400 ms  DeleteObjects: 0.122000 ms)

AssetImportParameters requested are different than current active one (requested -> active):
  custom:graphics/normal-map-encoding: 01000000000000000000000000000000 -> 02000000000000000000000000000000
========================================================================
Received Prepare
Registering precompiled user dll's ...
Registered in 0.002757 seconds.
Begin MonoManager ReloadAssembly
Native extension for WindowsStandalone target not found
Native extension for WebGL target not found
Refreshing native plugins compatible for Editor in 1.02 ms, found 1 plugins.
Preloading 0 native plugins for Editor in 0.00 ms.
Mono: successfully reloaded assembly
- Completed reload, in  2.453 seconds
Platform modules already initialized, skipping
Switching build target platform(5) subTarget(0) extendedPlatform(0) -> platform(9) subTarget(16777218) extendedPlatform(0)
Refreshing native plugins compatible for Editor in 0.70 ms, found 1 plugins.
Preloading 0 native plugins for Editor in 0.00 ms.
Unloading 1827 Unused Serialized files (Serialized files now loaded: 0)
System memory in use before: 91.5 MB.
System memory in use after: 91.5 MB.

Unloading 12 unused Assets to reduce memory usage. Loaded Objects now: 2353.
Total: 3.560100 ms (FindLiveObjects: 0.507300 ms CreateObjectMapping: 0.195400 ms MarkObjects: 2.610700 ms  DeleteObjects: 0.244600 ms)

AssetImportParameters requested are different than current active one (requested -> active):
  custom:graphics/normal-map-encoding: 01000000000000000000000000000000 -> 02000000000000000000000000000000
========================================================================
Received Prepare
Registering precompiled user dll's ...
Registered in 0.002507 seconds.
Begin MonoManager ReloadAssembly
Native extension for WindowsStandalone target not found
Native extension for WebGL target not found
Refreshing native plugins compatible for Editor in 0.41 ms, found 1 plugins.
Preloading 0 native plugins for Editor in 0.00 ms.
Mono: successfully reloaded assembly
- Completed reload, in  1.993 seconds
Platform modules already initialized, skipping
Switching build target platform(5) subTarget(0) extendedPlatform(0) -> platform(9) subTarget(16777218) extendedPlatform(0)
Refreshing native plugins compatible for Editor in 0.83 ms, found 1 plugins.
Preloading 0 native plugins for Editor in 0.00 ms.
Unloading 1827 Unused Serialized files (Serialized files now loaded: 0)
System memory in use before: 91.6 MB.
System memory in use after: 91.5 MB.

Unloading 12 unused Assets to reduce memory usage. Loaded Objects now: 2357.
Total: 6.828400 ms (FindLiveObjects: 1.310000 ms CreateObjectMapping: 0.621200 ms MarkObjects: 4.733800 ms  DeleteObjects: 0.159600 ms)

AssetImportParameters requested are different than current active one (requested -> active):
  custom:graphics/normal-map-encoding: 01000000000000000000000000000000 -> 02000000000000000000000000000000
========================================================================
Received Prepare
Registering precompiled user dll's ...
Registered in 0.002519 seconds.
Begin MonoManager ReloadAssembly
Native extension for WindowsStandalone target not found
Native extension for WebGL target not found
Refreshing native plugins compatible for Editor in 0.41 ms, found 1 plugins.
Preloading 0 native plugins for Editor in 0.00 ms.
Mono: successfully reloaded assembly
- Completed reload, in  1.744 seconds
Platform modules already initialized, skipping
Switching build target platform(5) subTarget(0) extendedPlatform(0) -> platform(9) subTarget(16777218) extendedPlatform(0)
Refreshing native plugins compatible for Editor in 0.38 ms, found 1 plugins.
Preloading 0 native plugins for Editor in 0.00 ms.
Unloading 1827 Unused Serialized files (Serialized files now loaded: 0)
System memory in use before: 91.6 MB.
System memory in use after: 91.5 MB.

Unloading 12 unused Assets to reduce memory usage. Loaded Objects now: 2361.
Total: 2.532100 ms (FindLiveObjects: 0.344300 ms CreateObjectMapping: 0.091900 ms MarkObjects: 1.962500 ms  DeleteObjects: 0.132000 ms)

AssetImportParameters requested are different than current active one (requested -> active):
  custom:graphics/normal-map-encoding: 01000000000000000000000000000000 -> 02000000000000000000000000000000
AssetImportWorkerClient::OnTransportError - code=2 error=End of file
